<?xml version="1.0" encoding="UTF-8"?>
<testsuite xmlns:xsi="http://www.w3.org/2001/XMLSchema-instance" xsi:noNamespaceSchemaLocation="https://maven.apache.org/surefire/maven-surefire-plugin/xsd/surefire-test-report.xsd" version="3.0.2" name="co.elastic.apm.opbeans.OpbeansApplicationTests" time="5.068" tests="1" errors="0" skipped="0" failures="0">
  <properties>
[...]
</properties>
  <testcase name="databasePopulated" classname="co.elastic.apm.opbeans.OpbeansApplicationTests" time="0.482">
    <system-out><![CDATA[{"@timestamp":"2024-12-10T13:32:45.275Z","log.level": "INFO","message":"Could not detect default configuration classes for test class [co.elastic.apm.opbeans.OpbeansApplicationTests]: OpbeansApplicationTests does not declare any static, non-private, non-final, nested classes annotated with @Configuration.","ecs.version": "1.2.0","service.name":"opbeans-java","event.dataset":"opbeans-java","process.thread.name":"main","log.logger":"org.springframework.test.context.support.AnnotationConfigContextLoaderUtils"}
{"@timestamp":"2024-12-10T13:32:45.391Z","log.level": "INFO","message":"Found @SpringBootConfiguration co.elastic.apm.opbeans.OpbeansApplication for test class co.elastic.apm.opbeans.OpbeansApplicationTests","ecs.version": "1.2.0","service.name":"opbeans-java","event.dataset":"opbeans-java","process.thread.name":"main","log.logger":"org.springframework.boot.test.context.SpringBootTestContextBootstrapper"}

  .   ____          _            __ _ _
 /\\ / ___'_ __ _ _(_)_ __  __ _ \ \ \ \
( ( )\___ | '_ | '_| | '_ \/ _` | \ \ \ \
 \\/  ___)| |_)| | | | | || (_| |  ) ) ) )
  '  |____| .__|_| |_|_| |_\__, | / / / /
 =========|_|==============|___/=/_/_/_/

 :: Spring Boot ::                (v3.4.0)

{"@timestamp":"2024-12-10T13:32:45.718Z","log.level": "INFO","message":"Starting OpbeansApplicationTests using Java 21.0.5 with PID 131291 (started by tushar in /home/tushar/serversage_demo/serversage/opbeans)","ecs.version": "1.2.0","service.name":"opbeans-java","event.dataset":"opbeans-java","process.thread.name":"main","log.logger":"co.elastic.apm.opbeans.OpbeansApplicationTests"}
{"@timestamp":"2024-12-10T13:32:45.719Z","log.level": "INFO","message":"No active profile set, falling back to 1 default profile: \"default\"","ecs.version": "1.2.0","service.name":"opbeans-java","event.dataset":"opbeans-java","process.thread.name":"main","log.logger":"co.elastic.apm.opbeans.OpbeansApplicationTests"}
{"@timestamp":"2024-12-10T13:32:46.269Z","log.level": "INFO","message":"Bootstrapping Spring Data JPA repositories in DEFAULT mode.","ecs.version": "1.2.0","service.name":"opbeans-java","event.dataset":"opbeans-java","process.thread.name":"main","log.logger":"org.springframework.data.repository.config.RepositoryConfigurationDelegate"}
{"@timestamp":"2024-12-10T13:32:46.327Z","log.level": "INFO","message":"Finished Spring Data repository scanning in 46 ms. Found 3 JPA repository interfaces.","ecs.version": "1.2.0","service.name":"opbeans-java","event.dataset":"opbeans-java","process.thread.name":"main","log.logger":"org.springframework.data.repository.config.RepositoryConfigurationDelegate"}
{"@timestamp":"2024-12-10T13:32:46.566Z","log.level": "INFO","message":"HikariPool-1 - Starting...","ecs.version": "1.2.0","service.name":"opbeans-java","event.dataset":"opbeans-java","process.thread.name":"main","log.logger":"com.zaxxer.hikari.HikariDataSource"}
{"@timestamp":"2024-12-10T13:32:46.696Z","log.level": "INFO","message":"HikariPool-1 - Added connection conn0: url=jdbc:h2:mem:opbeans user=SA","ecs.version": "1.2.0","service.name":"opbeans-java","event.dataset":"opbeans-java","process.thread.name":"main","log.logger":"com.zaxxer.hikari.pool.HikariPool"}
{"@timestamp":"2024-12-10T13:32:46.697Z","log.level": "INFO","message":"HikariPool-1 - Start completed.","ecs.version": "1.2.0","service.name":"opbeans-java","event.dataset":"opbeans-java","process.thread.name":"main","log.logger":"com.zaxxer.hikari.HikariDataSource"}
{"@timestamp":"2024-12-10T13:32:47.636Z","log.level": "INFO","message":"HHH000204: Processing PersistenceUnitInfo [name: default]","ecs.version": "1.2.0","service.name":"opbeans-java","event.dataset":"opbeans-java","process.thread.name":"main","log.logger":"org.hibernate.jpa.internal.util.LogHelper"}
{"@timestamp":"2024-12-10T13:32:47.673Z","log.level": "INFO","message":"HHH000412: Hibernate ORM core version 6.6.2.Final","ecs.version": "1.2.0","service.name":"opbeans-java","event.dataset":"opbeans-java","process.thread.name":"main","log.logger":"org.hibernate.Version"}
{"@timestamp":"2024-12-10T13:32:47.694Z","log.level": "INFO","message":"HHH000026: Second-level cache disabled","ecs.version": "1.2.0","service.name":"opbeans-java","event.dataset":"opbeans-java","process.thread.name":"main","log.logger":"org.hibernate.cache.internal.RegionFactoryInitiator"}
{"@timestamp":"2024-12-10T13:32:47.864Z","log.level": "INFO","message":"No LoadTimeWeaver setup: ignoring JPA class transformer","ecs.version": "1.2.0","service.name":"opbeans-java","event.dataset":"opbeans-java","process.thread.name":"main","log.logger":"org.springframework.orm.jpa.persistenceunit.SpringPersistenceUnitInfo"}
{"@timestamp":"2024-12-10T13:32:47.894Z","log.level": "WARN","message":"HHH90000025: H2Dialect does not need to be specified explicitly using 'hibernate.dialect' (remove the property setting and it will be selected by default)","ecs.version": "1.2.0","service.name":"opbeans-java","event.dataset":"opbeans-java","process.thread.name":"main","log.logger":"org.hibernate.orm.deprecation"}
{"@timestamp":"2024-12-10T13:32:47.905Z","log.level": "INFO","message":"HHH10001005: Database info:\n\tDatabase JDBC URL [Connecting through datasource 'HikariDataSource (HikariPool-1)']\n\tDatabase driver: undefined/unknown\n\tDatabase version: 2.3.232\n\tAutocommit mode: undefined/unknown\n\tIsolation level: undefined/unknown\n\tMinimum pool size: undefined/unknown\n\tMaximum pool size: undefined/unknown","ecs.version": "1.2.0","service.name":"opbeans-java","event.dataset":"opbeans-java","process.thread.name":"main","log.logger":"org.hibernate.orm.connections.pooling"}
{"@timestamp":"2024-12-10T13:32:48.512Z","log.level": "INFO","message":"HHH000489: No JTA platform available (set 'hibernate.transaction.jta.platform' to enable JTA platform integration)","ecs.version": "1.2.0","service.name":"opbeans-java","event.dataset":"opbeans-java","process.thread.name":"main","log.logger":"org.hibernate.engine.transaction.jta.platform.internal.JtaPlatformInitiator"}
{"@timestamp":"2024-12-10T13:32:48.514Z","log.level": "INFO","message":"Initialized JPA EntityManagerFactory for persistence unit 'default'","ecs.version": "1.2.0","service.name":"opbeans-java","event.dataset":"opbeans-java","process.thread.name":"main","log.logger":"org.springframework.orm.jpa.LocalContainerEntityManagerFactoryBean"}
{"@timestamp":"2024-12-10T13:32:48.676Z","log.level": "INFO","message":"Hibernate is in classpath; If applicable, HQL parser will be used.","ecs.version": "1.2.0","service.name":"opbeans-java","event.dataset":"opbeans-java","process.thread.name":"main","log.logger":"org.springframework.data.jpa.repository.query.QueryEnhancerFactory"}
{"@timestamp":"2024-12-10T13:32:49.297Z","log.level": "INFO","message":"AutoConfiguredOpenTelemetrySdk found on classpath but automatic configuration is disabled. To enable, run your JVM with -Dotel.java.global-autoconfigure.enabled=true","ecs.version": "1.2.0","service.name":"opbeans-java","event.dataset":"opbeans-java","process.thread.name":"main","log.logger":"io.opentelemetry.api.GlobalOpenTelemetry"}
{"@timestamp":"2024-12-10T13:32:49.422Z","log.level": "WARN","message":"spring.jpa.open-in-view is enabled by default. Therefore, database queries may be performed during view rendering. Explicitly configure spring.jpa.open-in-view to disable this warning","ecs.version": "1.2.0","service.name":"opbeans-java","event.dataset":"opbeans-java","process.thread.name":"main","log.logger":"org.springframework.boot.autoconfigure.orm.jpa.JpaBaseConfiguration$JpaWebConfiguration"}
{"@timestamp":"2024-12-10T13:32:49.435Z","log.level": "INFO","message":"Adding welcome page: class path resource [public/index.html]","ecs.version": "1.2.0","service.name":"opbeans-java","event.dataset":"opbeans-java","process.thread.name":"main","log.logger":"org.springframework.boot.autoconfigure.web.servlet.WelcomePageHandlerMapping"}
{"@timestamp":"2024-12-10T13:32:49.600Z","log.level": "INFO","message":"H2 console available at '/h2'. Database available at 'jdbc:h2:mem:opbeans'","ecs.version": "1.2.0","service.name":"opbeans-java","event.dataset":"opbeans-java","process.thread.name":"main","log.logger":"org.springframework.boot.autoconfigure.h2.H2ConsoleAutoConfiguration"}
{"@timestamp":"2024-12-10T13:32:49.641Z","log.level": "INFO","message":"Initializing Spring TestDispatcherServlet ''","ecs.version": "1.2.0","service.name":"opbeans-java","event.dataset":"opbeans-java","process.thread.name":"main","log.logger":"org.springframework.boot.test.mock.web.SpringBootMockServletContext"}
{"@timestamp":"2024-12-10T13:32:49.641Z","log.level": "INFO","message":"Initializing Servlet ''","ecs.version": "1.2.0","service.name":"opbeans-java","event.dataset":"opbeans-java","process.thread.name":"main","log.logger":"org.springframework.test.web.servlet.TestDispatcherServlet"}
{"@timestamp":"2024-12-10T13:32:49.643Z","log.level": "INFO","message":"Completed initialization in 0 ms","ecs.version": "1.2.0","service.name":"opbeans-java","event.dataset":"opbeans-java","process.thread.name":"main","log.logger":"org.springframework.test.web.servlet.TestDispatcherServlet"}
{"@timestamp":"2024-12-10T13:32:49.663Z","log.level": "INFO","message":"Started OpbeansApplicationTests in 4.122 seconds (process running for 5.008)","ecs.version": "1.2.0","service.name":"opbeans-java","event.dataset":"opbeans-java","process.thread.name":"main","log.logger":"co.elastic.apm.opbeans.OpbeansApplicationTests"}

MockHttpServletRequest:
      HTTP Method = GET
      Request URI = /api/products
       Parameters = {}
          Headers = []
             Body = null
    Session Attrs = {}

Handler:
             Type = co.elastic.apm.opbeans.controllers.APIRestController
           Method = co.elastic.apm.opbeans.controllers.APIRestController#products()

Async:
    Async started = false
     Async result = null

Resolved Exception:
             Type = null

ModelAndView:
        View name = null
             View = null
            Model = null

FlashMap:
       Attributes = null

MockHttpServletResponse:
           Status = 200
    Error message = null
          Headers = [Content-Type:"application/json"]
     Content type = application/json
             Body = [{"name":"Brazil Verde, Italian Roast","type_name":"Dark Roast Coffee","id":1,"sku":"OP-DRC-C1","stock":80},{"name":"Jamaica Blue Mountain, Vienna Roast","type_name":"Medium Roast Coffee","id":2,"sku":"OP-MRC-C2","stock":0},{"name":"Colombian Supremo, Cinnamon Roast","type_name":"Light Roast Coffee","id":3,"sku":"OP-LRC-C3","stock":150},{"name":"Guatemala Antigua, New England Roast","type_name":"Light Roast Coffee","id":4,"sku":"OP-LRC-C4","stock":0},{"name":"Ethiopian Moka Java, Breakfast Roast","type_name":"Medium Roast Coffee","id":5,"sku":"OP-MRC-C5","stock":130},{"name":"European Royale, French Roast","type_name":"Dark Roast Coffee","id":6,"sku":"OP-DRC-C6","stock":70},{"name":"Hawaiian Kona, Medium Roast","type_name":"Medium Roast Coffee","id":7,"sku":"OP-MRC-C7","stock":60},{"name":"Papua New Guinea Arokara, Light City Roast","type_name":"Light Roast Coffee","id":8,"sku":"OP-LRC-C8","stock":90},{"name":"Bali Blue Moon, French Roast","type_name":"Dark Roast Coffee","id":9,"sku":"OP-DRC-C9","stock":70}]
    Forwarded URL = null
   Redirected URL = null
          Cookies = []
]]></system-out>
    <system-err><![CDATA[Mockito is currently self-attaching to enable the inline-mock-maker. This will no longer work in future releases of the JDK. Please add Mockito as an agent to your build what is described in Mockito's documentation: https://javadoc.io/doc/org.mockito/mockito-core/latest/org/mockito/Mockito.html#0.3
WARNING: A Java agent has been loaded dynamically (/home/tushar/.m2/repository/net/bytebuddy/byte-buddy-agent/1.15.10/byte-buddy-agent-1.15.10.jar)
WARNING: If a serviceability tool is in use, please run with -XX:+EnableDynamicAgentLoading to hide this warning
WARNING: If a serviceability tool is not in use, please run with -Djdk.instrument.traceUsage for more information
WARNING: Dynamic loading of agents will be disallowed by default in a future release
]]></system-err>
  </testcase>
</testsuite>